# JRE version: Java(TM) SE Runtime Environment (8.0_131-b11) (build 1.8.0_131-b11)
# Java VM: Java HotSpot(TM) 64-Bit Server VM (25.131-b11 mixed mode windows-amd64 compressed oops)
Heap:
 PSYoungGen      total 195072K, used 48651K [0x00000000d6f80000, 0x00000000e7380000, 0x0000000100000000)
  eden space 180224K, 18% used [0x00000000d6f80000,0x00000000d9083ac0,0x00000000e1f80000)
  from space 14848K, 99% used [0x00000000e1f80000,0x00000000e2dff418,0x00000000e2e00000)
  to   space 16896K, 0% used [0x00000000e6300000,0x00000000e6300000,0x00000000e7380000)
 ParOldGen       total 84992K, used 22514K [0x0000000084e00000, 0x000000008a100000, 0x00000000d6f80000)
  object space 84992K, 26% used [0x0000000084e00000,0x00000000863fcb38,0x000000008a100000)
 Metaspace       used 47043K, capacity 47522K, committed 47872K, reserved 1091584K
  class space    used 6007K, capacity 6116K, committed 6144K, reserved 1048576K
GC Heap History (10 events):
Event: 2.058 GC heap before
{Heap before GC invocations=7 (full 1):
 PSYoungGen      total 68608K, used 63488K [0x00000000d6f80000, 0x00000000dfd80000, 0x0000000100000000)
  eden space 63488K, 100% used [0x00000000d6f80000,0x00000000dad80000,0x00000000dad80000)
  from space 5120K, 0% used [0x00000000dad80000,0x00000000dad80000,0x00000000db280000)
  to   space 9216K, 0% used [0x00000000df480000,0x00000000df480000,0x00000000dfd80000)
 ParOldGen       total 50176K, used 6544K [0x0000000084e00000, 0x0000000087f00000, 0x00000000d6f80000)
  object space 50176K, 13% used [0x0000000084e00000,0x0000000085464088,0x0000000087f00000)
 Metaspace       used 24495K, capacity 24906K, committed 25216K, reserved 1071104K
  class space    used 3005K, capacity 3108K, committed 3200K, reserved 1048576K
Event: 2.066 GC heap after
Heap after GC invocations=7 (full 1):
 PSYoungGen      total 115200K, used 5744K [0x00000000d6f80000, 0x00000000dfa80000, 0x0000000100000000)
  eden space 109056K, 0% used [0x00000000d6f80000,0x00000000d6f80000,0x00000000dda00000)
  from space 6144K, 93% used [0x00000000df480000,0x00000000dfa1c150,0x00000000dfa80000)
  to   space 9216K, 0% used [0x00000000de880000,0x00000000de880000,0x00000000df180000)
 ParOldGen       total 50176K, used 6552K [0x0000000084e00000, 0x0000000087f00000, 0x00000000d6f80000)
  object space 50176K, 13% used [0x0000000084e00000,0x0000000085466088,0x0000000087f00000)
 Metaspace       used 24495K, capacity 24906K, committed 25216K, reserved 1071104K
  class space    used 3005K, capacity 3108K, committed 3200K, reserved 1048576K
}
Event: 2.937 GC heap before
{Heap before GC invocations=8 (full 1):
 PSYoungGen      total 115200K, used 114800K [0x00000000d6f80000, 0x00000000dfa80000, 0x0000000100000000)
  eden space 109056K, 100% used [0x00000000d6f80000,0x00000000dda00000,0x00000000dda00000)
  from space 6144K, 93% used [0x00000000df480000,0x00000000dfa1c150,0x00000000dfa80000)
  to   space 9216K, 0% used [0x00000000de880000,0x00000000de880000,0x00000000df180000)
 ParOldGen       total 50176K, used 6552K [0x0000000084e00000, 0x0000000087f00000, 0x00000000d6f80000)
  object space 50176K, 13% used [0x0000000084e00000,0x0000000085466088,0x0000000087f00000)
 Metaspace       used 29066K, capacity 29474K, committed 29824K, reserved 1075200K
  class space    used 3578K, capacity 3688K, committed 3712K, reserved 1048576K
Event: 2.949 GC heap after
Heap after GC invocations=8 (full 1):
 PSYoungGen      total 133120K, used 9189K [0x00000000d6f80000, 0x00000000e3980000, 0x0000000100000000)
  eden space 123904K, 0% used [0x00000000d6f80000,0x00000000d6f80000,0x00000000de880000)
  from space 9216K, 99% used [0x00000000de880000,0x00000000df179478,0x00000000df180000)
  to   space 11776K, 0% used [0x00000000e2e00000,0x00000000e2e00000,0x00000000e3980000)
 ParOldGen       total 50176K, used 10217K [0x0000000084e00000, 0x0000000087f00000, 0x00000000d6f80000)
  object space 50176K, 20% used [0x0000000084e00000,0x00000000857fa6e8,0x0000000087f00000)
 Metaspace       used 29066K, capacity 29474K, committed 29824K, reserved 1075200K
  class space    used 3578K, capacity 3688K, committed 3712K, reserved 1048576K
}
Event: 3.553 GC heap before
{Heap before GC invocations=9 (full 1):
 PSYoungGen      total 133120K, used 55646K [0x00000000d6f80000, 0x00000000e3980000, 0x0000000100000000)
  eden space 123904K, 37% used [0x00000000d6f80000,0x00000000d9cde400,0x00000000de880000)
  from space 9216K, 99% used [0x00000000de880000,0x00000000df179478,0x00000000df180000)
  to   space 11776K, 0% used [0x00000000e2e00000,0x00000000e2e00000,0x00000000e3980000)
 ParOldGen       total 50176K, used 10217K [0x0000000084e00000, 0x0000000087f00000, 0x00000000d6f80000)
  object space 50176K, 20% used [0x0000000084e00000,0x00000000857fa6e8,0x0000000087f00000)
 Metaspace       used 34858K, capacity 35282K, committed 35456K, reserved 1081344K
  class space    used 4353K, capacity 4464K, committed 4480K, reserved 1048576K
Event: 3.567 GC heap after
Heap after GC invocations=9 (full 1):
 PSYoungGen      total 192000K, used 11766K [0x00000000d6f80000, 0x00000000e5480000, 0x0000000100000000)
  eden space 180224K, 0% used [0x00000000d6f80000,0x00000000d6f80000,0x00000000e1f80000)
  from space 11776K, 99% used [0x00000000e2e00000,0x00000000e397d8f0,0x00000000e3980000)
  to   space 14848K, 0% used [0x00000000e1f80000,0x00000000e1f80000,0x00000000e2e00000)
 ParOldGen       total 50176K, used 13570K [0x0000000084e00000, 0x0000000087f00000, 0x00000000d6f80000)
  object space 50176K, 27% used [0x0000000084e00000,0x0000000085b40a38,0x0000000087f00000)
 Metaspace       used 34858K, capacity 35282K, committed 35456K, reserved 1081344K
  class space    used 4353K, capacity 4464K, committed 4480K, reserved 1048576K
}
Event: 3.567 GC heap before
{Heap before GC invocations=10 (full 2):
 PSYoungGen      total 192000K, used 11766K [0x00000000d6f80000, 0x00000000e5480000, 0x0000000100000000)
  eden space 180224K, 0% used [0x00000000d6f80000,0x00000000d6f80000,0x00000000e1f80000)
  from space 11776K, 99% used [0x00000000e2e00000,0x00000000e397d8f0,0x00000000e3980000)
  to   space 14848K, 0% used [0x00000000e1f80000,0x00000000e1f80000,0x00000000e2e00000)
 ParOldGen       total 50176K, used 13570K [0x0000000084e00000, 0x0000000087f00000, 0x00000000d6f80000)
  object space 50176K, 27% used [0x0000000084e00000,0x0000000085b40a38,0x0000000087f00000)
 Metaspace       used 34858K, capacity 35282K, committed 35456K, reserved 1081344K
  class space    used 4353K, capacity 4464K, committed 4480K, reserved 1048576K
Event: 3.654 GC heap after
Heap after GC invocations=10 (full 2):
 PSYoungGen      total 192000K, used 0K [0x00000000d6f80000, 0x00000000e5480000, 0x0000000100000000)
  eden space 180224K, 0% used [0x00000000d6f80000,0x00000000d6f80000,0x00000000e1f80000)
  from space 11776K, 0% used [0x00000000e2e00000,0x00000000e2e00000,0x00000000e3980000)
  to   space 14848K, 0% used [0x00000000e1f80000,0x00000000e1f80000,0x00000000e2e00000)
 ParOldGen       total 84992K, used 21772K [0x0000000084e00000, 0x000000008a100000, 0x00000000d6f80000)
  object space 84992K, 25% used [0x0000000084e00000,0x00000000863433e0,0x000000008a100000)
 Metaspace       used 34858K, capacity 35282K, committed 35456K, reserved 1081344K
  class space    used 4353K, capacity 4464K, committed 4480K, reserved 1048576K
}
Event: 13.912 GC heap before
{Heap before GC invocations=11 (full 2):
 PSYoungGen      total 192000K, used 180224K [0x00000000d6f80000, 0x00000000e5480000, 0x0000000100000000)
  eden space 180224K, 100% used [0x00000000d6f80000,0x00000000e1f80000,0x00000000e1f80000)
  from space 11776K, 0% used [0x00000000e2e00000,0x00000000e2e00000,0x00000000e3980000)
  to   space 14848K, 0% used [0x00000000e1f80000,0x00000000e1f80000,0x00000000e2e00000)
 ParOldGen       total 84992K, used 21772K [0x0000000084e00000, 0x000000008a100000, 0x00000000d6f80000)
  object space 84992K, 25% used [0x0000000084e00000,0x00000000863433e0,0x000000008a100000)
 Metaspace       used 44383K, capacity 44858K, committed 45312K, reserved 1089536K
  class space    used 5672K, capacity 5788K, committed 5888K, reserved 1048576K
Event: 13.931 GC heap after
Heap after GC invocations=11 (full 2):
 PSYoungGen      total 195072K, used 14845K [0x00000000d6f80000, 0x00000000e7380000, 0x0000000100000000)
  eden space 180224K, 0% used [0x00000000d6f80000,0x00000000d6f80000,0x00000000e1f80000)
  from space 14848K, 99% used [0x00000000e1f80000,0x00000000e2dff418,0x00000000e2e00000)
  to   space 16896K, 0% used [0x00000000e6300000,0x00000000e6300000,0x00000000e7380000)
 ParOldGen       total 84992K, used 22514K [0x0000000084e00000, 0x000000008a100000, 0x00000000d6f80000)
  object space 84992K, 26% used [0x0000000084e00000,0x00000000863fcb38,0x000000008a100000)
 Metaspace       used 44383K, capacity 44858K, committed 45312K, reserved 1089536K
  class space    used 5672K, capacity 5788K, committed 5888K, reserved 1048576K
}

