# JRE version: Java(TM) SE Runtime Environment (8.0_131-b11) (build 1.8.0_131-b11)
# Java VM: Java HotSpot(TM) 64-Bit Server VM (25.131-b11 mixed mode windows-amd64 compressed oops)
Heap:
 PSYoungGen      total 179712K, used 49829K [0x00000000d6f80000, 0x00000000e5a00000, 0x0000000100000000)
  eden space 164864K, 21% used [0x00000000d6f80000,0x00000000d91a9f68,0x00000000e1080000)
  from space 14848K, 99% used [0x00000000e1080000,0x00000000e1eff818,0x00000000e1f00000)
  to   space 16896K, 0% used [0x00000000e4980000,0x00000000e4980000,0x00000000e5a00000)
 ParOldGen       total 90624K, used 22487K [0x0000000084e00000, 0x000000008a680000, 0x00000000d6f80000)
  object space 90624K, 24% used [0x0000000084e00000,0x00000000863f5e70,0x000000008a680000)
 Metaspace       used 45889K, capacity 46334K, committed 46504K, reserved 1089536K
  class space    used 5863K, capacity 5982K, committed 6056K, reserved 1048576K
GC Heap History (10 events):
Event: 2.009 GC heap before
{Heap before GC invocations=7 (full 1):
 PSYoungGen      total 68608K, used 63488K [0x00000000d6f80000, 0x00000000dfd80000, 0x0000000100000000)
  eden space 63488K, 100% used [0x00000000d6f80000,0x00000000dad80000,0x00000000dad80000)
  from space 5120K, 0% used [0x00000000dad80000,0x00000000dad80000,0x00000000db280000)
  to   space 9216K, 0% used [0x00000000df480000,0x00000000df480000,0x00000000dfd80000)
 ParOldGen       total 52224K, used 6617K [0x0000000084e00000, 0x0000000088100000, 0x00000000d6f80000)
  object space 52224K, 12% used [0x0000000084e00000,0x0000000085476518,0x0000000088100000)
 Metaspace       used 24507K, capacity 24860K, committed 25216K, reserved 1071104K
  class space    used 3015K, capacity 3111K, committed 3200K, reserved 1048576K
Event: 2.015 GC heap after
Heap after GC invocations=7 (full 1):
 PSYoungGen      total 111104K, used 5716K [0x00000000d6f80000, 0x00000000dfa80000, 0x0000000100000000)
  eden space 104960K, 0% used [0x00000000d6f80000,0x00000000d6f80000,0x00000000dd600000)
  from space 6144K, 93% used [0x00000000df480000,0x00000000dfa15208,0x00000000dfa80000)
  to   space 9216K, 0% used [0x00000000de880000,0x00000000de880000,0x00000000df180000)
 ParOldGen       total 52224K, used 6625K [0x0000000084e00000, 0x0000000088100000, 0x00000000d6f80000)
  object space 52224K, 12% used [0x0000000084e00000,0x0000000085478518,0x0000000088100000)
 Metaspace       used 24507K, capacity 24860K, committed 25216K, reserved 1071104K
  class space    used 3015K, capacity 3111K, committed 3200K, reserved 1048576K
}
Event: 2.854 GC heap before
{Heap before GC invocations=8 (full 1):
 PSYoungGen      total 111104K, used 110647K [0x00000000d6f80000, 0x00000000dfa80000, 0x0000000100000000)
  eden space 104960K, 99% used [0x00000000d6f80000,0x00000000dd5f8bd8,0x00000000dd600000)
  from space 6144K, 93% used [0x00000000df480000,0x00000000dfa15208,0x00000000dfa80000)
  to   space 9216K, 0% used [0x00000000de880000,0x00000000de880000,0x00000000df180000)
 ParOldGen       total 52224K, used 6625K [0x0000000084e00000, 0x0000000088100000, 0x00000000d6f80000)
  object space 52224K, 12% used [0x0000000084e00000,0x0000000085478518,0x0000000088100000)
 Metaspace       used 29031K, capacity 29378K, committed 29568K, reserved 1075200K
  class space    used 3575K, capacity 3656K, committed 3712K, reserved 1048576K
Event: 2.862 GC heap after
Heap after GC invocations=8 (full 1):
 PSYoungGen      total 133120K, used 9194K [0x00000000d6f80000, 0x00000000e2a80000, 0x0000000100000000)
  eden space 123904K, 0% used [0x00000000d6f80000,0x00000000d6f80000,0x00000000de880000)
  from space 9216K, 99% used [0x00000000de880000,0x00000000df17a9f8,0x00000000df180000)
  to   space 11776K, 0% used [0x00000000e1f00000,0x00000000e1f00000,0x00000000e2a80000)
 ParOldGen       total 52224K, used 10248K [0x0000000084e00000, 0x0000000088100000, 0x00000000d6f80000)
  object space 52224K, 19% used [0x0000000084e00000,0x0000000085802108,0x0000000088100000)
 Metaspace       used 29031K, capacity 29378K, committed 29568K, reserved 1075200K
  class space    used 3575K, capacity 3656K, committed 3712K, reserved 1048576K
}
Event: 3.442 GC heap before
{Heap before GC invocations=9 (full 1):
 PSYoungGen      total 133120K, used 60354K [0x00000000d6f80000, 0x00000000e2a80000, 0x0000000100000000)
  eden space 123904K, 41% used [0x00000000d6f80000,0x00000000da175f90,0x00000000de880000)
  from space 9216K, 99% used [0x00000000de880000,0x00000000df17a9f8,0x00000000df180000)
  to   space 11776K, 0% used [0x00000000e1f00000,0x00000000e1f00000,0x00000000e2a80000)
 ParOldGen       total 52224K, used 10248K [0x0000000084e00000, 0x0000000088100000, 0x00000000d6f80000)
  object space 52224K, 19% used [0x0000000084e00000,0x0000000085802108,0x0000000088100000)
 Metaspace       used 35006K, capacity 35378K, committed 35496K, reserved 1081344K
  class space    used 4386K, capacity 4496K, committed 4520K, reserved 1048576K
Event: 3.451 GC heap after
Heap after GC invocations=9 (full 1):
 PSYoungGen      total 176640K, used 11771K [0x00000000d6f80000, 0x00000000e4a00000, 0x0000000100000000)
  eden space 164864K, 0% used [0x00000000d6f80000,0x00000000d6f80000,0x00000000e1080000)
  from space 11776K, 99% used [0x00000000e1f00000,0x00000000e2a7ed88,0x00000000e2a80000)
  to   space 14848K, 0% used [0x00000000e1080000,0x00000000e1080000,0x00000000e1f00000)
 ParOldGen       total 52224K, used 13910K [0x0000000084e00000, 0x0000000088100000, 0x00000000d6f80000)
  object space 52224K, 26% used [0x0000000084e00000,0x0000000085b95910,0x0000000088100000)
 Metaspace       used 35006K, capacity 35378K, committed 35496K, reserved 1081344K
  class space    used 4386K, capacity 4496K, committed 4520K, reserved 1048576K
}
Event: 3.451 GC heap before
{Heap before GC invocations=10 (full 2):
 PSYoungGen      total 176640K, used 11771K [0x00000000d6f80000, 0x00000000e4a00000, 0x0000000100000000)
  eden space 164864K, 0% used [0x00000000d6f80000,0x00000000d6f80000,0x00000000e1080000)
  from space 11776K, 99% used [0x00000000e1f00000,0x00000000e2a7ed88,0x00000000e2a80000)
  to   space 14848K, 0% used [0x00000000e1080000,0x00000000e1080000,0x00000000e1f00000)
 ParOldGen       total 52224K, used 13910K [0x0000000084e00000, 0x0000000088100000, 0x00000000d6f80000)
  object space 52224K, 26% used [0x0000000084e00000,0x0000000085b95910,0x0000000088100000)
 Metaspace       used 35006K, capacity 35378K, committed 35496K, reserved 1081344K
  class space    used 4386K, capacity 4496K, committed 4520K, reserved 1048576K
Event: 3.539 GC heap after
Heap after GC invocations=10 (full 2):
 PSYoungGen      total 176640K, used 0K [0x00000000d6f80000, 0x00000000e4a00000, 0x0000000100000000)
  eden space 164864K, 0% used [0x00000000d6f80000,0x00000000d6f80000,0x00000000e1080000)
  from space 11776K, 0% used [0x00000000e1f00000,0x00000000e1f00000,0x00000000e2a80000)
  to   space 14848K, 0% used [0x00000000e1080000,0x00000000e1080000,0x00000000e1f00000)
 ParOldGen       total 90624K, used 22006K [0x0000000084e00000, 0x000000008a680000, 0x00000000d6f80000)
  object space 90624K, 24% used [0x0000000084e00000,0x000000008637da38,0x000000008a680000)
 Metaspace       used 35006K, capacity 35378K, committed 35496K, reserved 1081344K
  class space    used 4386K, capacity 4496K, committed 4520K, reserved 1048576K
}
Event: 5.453 GC heap before
{Heap before GC invocations=11 (full 2):
 PSYoungGen      total 176640K, used 164864K [0x00000000d6f80000, 0x00000000e4a00000, 0x0000000100000000)
  eden space 164864K, 100% used [0x00000000d6f80000,0x00000000e1080000,0x00000000e1080000)
  from space 11776K, 0% used [0x00000000e1f00000,0x00000000e1f00000,0x00000000e2a80000)
  to   space 14848K, 0% used [0x00000000e1080000,0x00000000e1080000,0x00000000e1f00000)
 ParOldGen       total 90624K, used 22006K [0x0000000084e00000, 0x000000008a680000, 0x00000000d6f80000)
  object space 90624K, 24% used [0x0000000084e00000,0x000000008637da38,0x000000008a680000)
 Metaspace       used 44349K, capacity 44794K, committed 44968K, reserved 1089536K
  class space    used 5669K, capacity 5788K, committed 5800K, reserved 1048576K
Event: 5.463 GC heap after
Heap after GC invocations=11 (full 2):
 PSYoungGen      total 179712K, used 14846K [0x00000000d6f80000, 0x00000000e5a00000, 0x0000000100000000)
  eden space 164864K, 0% used [0x00000000d6f80000,0x00000000d6f80000,0x00000000e1080000)
  from space 14848K, 99% used [0x00000000e1080000,0x00000000e1eff818,0x00000000e1f00000)
  to   space 16896K, 0% used [0x00000000e4980000,0x00000000e4980000,0x00000000e5a00000)
 ParOldGen       total 90624K, used 22487K [0x0000000084e00000, 0x000000008a680000, 0x00000000d6f80000)
  object space 90624K, 24% used [0x0000000084e00000,0x00000000863f5e70,0x000000008a680000)
 Metaspace       used 44349K, capacity 44794K, committed 44968K, reserved 1089536K
  class space    used 5669K, capacity 5788K, committed 5800K, reserved 1048576K
}

