# JRE version: Java(TM) SE Runtime Environment (8.0_131-b11) (build 1.8.0_131-b11)
# Java VM: Java HotSpot(TM) 64-Bit Server VM (25.131-b11 mixed mode windows-amd64 compressed oops)
Heap:
 PSYoungGen      total 188928K, used 39142K [0x00000000d6f80000, 0x00000000e6900000, 0x0000000100000000)
  eden space 174080K, 13% used [0x00000000d6f80000,0x00000000d873f708,0x00000000e1980000)
  from space 14848K, 99% used [0x00000000e1980000,0x00000000e27fa3a8,0x00000000e2800000)
  to   space 16896K, 0% used [0x00000000e5880000,0x00000000e5880000,0x00000000e6900000)
 ParOldGen       total 87552K, used 22662K [0x0000000084e00000, 0x000000008a380000, 0x00000000d6f80000)
  object space 87552K, 25% used [0x0000000084e00000,0x0000000086421928,0x000000008a380000)
 Metaspace       used 45889K, capacity 46398K, committed 46720K, reserved 1089536K
  class space    used 5860K, capacity 5982K, committed 6016K, reserved 1048576K
GC Heap History (10 events):
Event: 2.101 GC heap before
{Heap before GC invocations=7 (full 1):
 PSYoungGen      total 68608K, used 63488K [0x00000000d6f80000, 0x00000000dfd80000, 0x0000000100000000)
  eden space 63488K, 100% used [0x00000000d6f80000,0x00000000dad80000,0x00000000dad80000)
  from space 5120K, 0% used [0x00000000dad80000,0x00000000dad80000,0x00000000db280000)
  to   space 9216K, 0% used [0x00000000df480000,0x00000000df480000,0x00000000dfd80000)
 ParOldGen       total 51200K, used 6581K [0x0000000084e00000, 0x0000000088000000, 0x00000000d6f80000)
  object space 51200K, 12% used [0x0000000084e00000,0x000000008546d4d0,0x0000000088000000)
 Metaspace       used 24392K, capacity 24810K, committed 25216K, reserved 1071104K
  class space    used 2983K, capacity 3076K, committed 3200K, reserved 1048576K
Event: 2.108 GC heap after
Heap after GC invocations=7 (full 1):
 PSYoungGen      total 113664K, used 5703K [0x00000000d6f80000, 0x00000000dfa80000, 0x0000000100000000)
  eden space 107520K, 0% used [0x00000000d6f80000,0x00000000d6f80000,0x00000000dd880000)
  from space 6144K, 92% used [0x00000000df480000,0x00000000dfa11f80,0x00000000dfa80000)
  to   space 9216K, 0% used [0x00000000de880000,0x00000000de880000,0x00000000df180000)
 ParOldGen       total 51200K, used 6589K [0x0000000084e00000, 0x0000000088000000, 0x00000000d6f80000)
  object space 51200K, 12% used [0x0000000084e00000,0x000000008546f4d0,0x0000000088000000)
 Metaspace       used 24392K, capacity 24810K, committed 25216K, reserved 1071104K
  class space    used 2983K, capacity 3076K, committed 3200K, reserved 1048576K
}
Event: 2.964 GC heap before
{Heap before GC invocations=8 (full 1):
 PSYoungGen      total 113664K, used 113223K [0x00000000d6f80000, 0x00000000dfa80000, 0x0000000100000000)
  eden space 107520K, 100% used [0x00000000d6f80000,0x00000000dd880000,0x00000000dd880000)
  from space 6144K, 92% used [0x00000000df480000,0x00000000dfa11f80,0x00000000dfa80000)
  to   space 9216K, 0% used [0x00000000de880000,0x00000000de880000,0x00000000df180000)
 ParOldGen       total 51200K, used 6589K [0x0000000084e00000, 0x0000000088000000, 0x00000000d6f80000)
  object space 51200K, 12% used [0x0000000084e00000,0x000000008546f4d0,0x0000000088000000)
 Metaspace       used 29014K, capacity 29442K, committed 29824K, reserved 1075200K
  class space    used 3562K, capacity 3656K, committed 3712K, reserved 1048576K
Event: 2.973 GC heap after
Heap after GC invocations=8 (full 1):
 PSYoungGen      total 133120K, used 9208K [0x00000000d6f80000, 0x00000000e3380000, 0x0000000100000000)
  eden space 123904K, 0% used [0x00000000d6f80000,0x00000000d6f80000,0x00000000de880000)
  from space 9216K, 99% used [0x00000000de880000,0x00000000df17e158,0x00000000df180000)
  to   space 11776K, 0% used [0x00000000e2800000,0x00000000e2800000,0x00000000e3380000)
 ParOldGen       total 51200K, used 10214K [0x0000000084e00000, 0x0000000088000000, 0x00000000d6f80000)
  object space 51200K, 19% used [0x0000000084e00000,0x00000000857f98c0,0x0000000088000000)
 Metaspace       used 29014K, capacity 29442K, committed 29824K, reserved 1075200K
  class space    used 3562K, capacity 3656K, committed 3712K, reserved 1048576K
}
Event: 3.575 GC heap before
{Heap before GC invocations=9 (full 1):
 PSYoungGen      total 133120K, used 57673K [0x00000000d6f80000, 0x00000000e3380000, 0x0000000100000000)
  eden space 123904K, 39% used [0x00000000d6f80000,0x00000000d9ed44b0,0x00000000de880000)
  from space 9216K, 99% used [0x00000000de880000,0x00000000df17e158,0x00000000df180000)
  to   space 11776K, 0% used [0x00000000e2800000,0x00000000e2800000,0x00000000e3380000)
 ParOldGen       total 51200K, used 10214K [0x0000000084e00000, 0x0000000088000000, 0x00000000d6f80000)
  object space 51200K, 19% used [0x0000000084e00000,0x00000000857f98c0,0x0000000088000000)
 Metaspace       used 34867K, capacity 35282K, committed 35456K, reserved 1081344K
  class space    used 4359K, capacity 4464K, committed 4480K, reserved 1048576K
Event: 3.587 GC heap after
Heap after GC invocations=9 (full 1):
 PSYoungGen      total 185856K, used 11766K [0x00000000d6f80000, 0x00000000e5100000, 0x0000000100000000)
  eden space 174080K, 0% used [0x00000000d6f80000,0x00000000d6f80000,0x00000000e1980000)
  from space 11776K, 99% used [0x00000000e2800000,0x00000000e337dbc8,0x00000000e3380000)
  to   space 14848K, 0% used [0x00000000e1980000,0x00000000e1980000,0x00000000e2800000)
 ParOldGen       total 51200K, used 13745K [0x0000000084e00000, 0x0000000088000000, 0x00000000d6f80000)
  object space 51200K, 26% used [0x0000000084e00000,0x0000000085b6c720,0x0000000088000000)
 Metaspace       used 34867K, capacity 35282K, committed 35456K, reserved 1081344K
  class space    used 4359K, capacity 4464K, committed 4480K, reserved 1048576K
}
Event: 3.587 GC heap before
{Heap before GC invocations=10 (full 2):
 PSYoungGen      total 185856K, used 11766K [0x00000000d6f80000, 0x00000000e5100000, 0x0000000100000000)
  eden space 174080K, 0% used [0x00000000d6f80000,0x00000000d6f80000,0x00000000e1980000)
  from space 11776K, 99% used [0x00000000e2800000,0x00000000e337dbc8,0x00000000e3380000)
  to   space 14848K, 0% used [0x00000000e1980000,0x00000000e1980000,0x00000000e2800000)
 ParOldGen       total 51200K, used 13745K [0x0000000084e00000, 0x0000000088000000, 0x00000000d6f80000)
  object space 51200K, 26% used [0x0000000084e00000,0x0000000085b6c720,0x0000000088000000)
 Metaspace       used 34867K, capacity 35282K, committed 35456K, reserved 1081344K
  class space    used 4359K, capacity 4464K, committed 4480K, reserved 1048576K
Event: 3.674 GC heap after
Heap after GC invocations=10 (full 2):
 PSYoungGen      total 185856K, used 0K [0x00000000d6f80000, 0x00000000e5100000, 0x0000000100000000)
  eden space 174080K, 0% used [0x00000000d6f80000,0x00000000d6f80000,0x00000000e1980000)
  from space 11776K, 0% used [0x00000000e2800000,0x00000000e2800000,0x00000000e3380000)
  to   space 14848K, 0% used [0x00000000e1980000,0x00000000e1980000,0x00000000e2800000)
 ParOldGen       total 87552K, used 21867K [0x0000000084e00000, 0x000000008a380000, 0x00000000d6f80000)
  object space 87552K, 24% used [0x0000000084e00000,0x000000008635ac58,0x000000008a380000)
 Metaspace       used 34867K, capacity 35282K, committed 35456K, reserved 1081344K
  class space    used 4359K, capacity 4464K, committed 4480K, reserved 1048576K
}
Event: 5.895 GC heap before
{Heap before GC invocations=11 (full 2):
 PSYoungGen      total 185856K, used 174080K [0x00000000d6f80000, 0x00000000e5100000, 0x0000000100000000)
  eden space 174080K, 100% used [0x00000000d6f80000,0x00000000e1980000,0x00000000e1980000)
  from space 11776K, 0% used [0x00000000e2800000,0x00000000e2800000,0x00000000e3380000)
  to   space 14848K, 0% used [0x00000000e1980000,0x00000000e1980000,0x00000000e2800000)
 ParOldGen       total 87552K, used 21867K [0x0000000084e00000, 0x000000008a380000, 0x00000000d6f80000)
  object space 87552K, 24% used [0x0000000084e00000,0x000000008635ac58,0x000000008a380000)
 Metaspace       used 44377K, capacity 44794K, committed 45056K, reserved 1089536K
  class space    used 5671K, capacity 5788K, committed 5888K, reserved 1048576K
Event: 5.907 GC heap after
Heap after GC invocations=11 (full 2):
 PSYoungGen      total 188928K, used 14824K [0x00000000d6f80000, 0x00000000e6900000, 0x0000000100000000)
  eden space 174080K, 0% used [0x00000000d6f80000,0x00000000d6f80000,0x00000000e1980000)
  from space 14848K, 99% used [0x00000000e1980000,0x00000000e27fa3a8,0x00000000e2800000)
  to   space 16896K, 0% used [0x00000000e5880000,0x00000000e5880000,0x00000000e6900000)
 ParOldGen       total 87552K, used 22662K [0x0000000084e00000, 0x000000008a380000, 0x00000000d6f80000)
  object space 87552K, 25% used [0x0000000084e00000,0x0000000086421928,0x000000008a380000)
 Metaspace       used 44377K, capacity 44794K, committed 45056K, reserved 1089536K
  class space    used 5671K, capacity 5788K, committed 5888K, reserved 1048576K
}

